C51 COMPILER V9.00   LESSON5_5                                                             09/07/2014 17:19:03 PAGE 1   


C51 COMPILER V9.00, COMPILATION OF MODULE LESSON5_5
OBJECT MODULE PLACED IN lesson5-5.OBJ
COMPILER INVOKED BY: C:\Keil\C51\BIN\C51.EXE lesson5-5.c BROWSE DEBUG OBJECTEXTEND

line level    source

   1          #include<reg52.h>
   2          #define uint unsigned int
   3          #define uchar unsigned char
   4          sbit dula=P2^6;
   5          sbit wela=P2^7;
   6          sbit key1=P3^4;
   7          uchar code table[]={
   8          0x3f,0x06,0x5b,0x4f,
   9          0x66,0x6d,0x7d,0x07,
  10          0x7f,0x6f,0x77,0x7c,
  11          0x39,0x5e,0x79,0x71};
  12          uchar num,temp;
  13          void delay(uint z)
  14          {
  15   1              uint x,y;
  16   1              for(x=z;x>0;x--)
  17   1                      for(y=110;y>0;y--);
  18   1      }
  19          void main()
  20          {
  21   1              dula=1;
  22   1              P0=0;
  23   1              dula=0;
  24   1              wela=1;
  25   1              P0=0xc0;
  26   1              wela=0;
  27   1              while(1)
  28   1              {
  29   2                      P3=0xfe;
  30   2                      temp=0xf0;
  31   2                      temp=P3&temp;
  32   2                      while(temp!=0xf0)
  33   2                      {
  34   3                      delay(10);
  35   3                      temp=P3;
  36   3                      temp=temp&0xf0;
  37   3                      while(temp!=0xf0)  //第二次判断是否有键按下（防抖）
  38   3                      {
  39   4                      temp=P3;
  40   4                      switch(temp)
  41   4                      {
  42   5                              case 0xee:num=1;
  43   5                              break;
  44   5                              case 0xde:num=2;
  45   5                              break;
  46   5                              case 0xbe:num=3;
  47   5                              break;
  48   5                              case 0x7e:num=4;
  49   5                              break;
  50   5                      }  
  51   4                      while(temp==0xf0)
  52   4                      delay(5);
  53   4                      while(temp==0xf0)
  54   4                      {
  55   5                      dula=1;
C51 COMPILER V9.00   LESSON5_5                                                             09/07/2014 17:19:03 PAGE 2   

  56   5                  P0=table[num-1];
  57   5                  dula=0;
  58   5                      }
  59   4                      }
  60   3                      }
  61   2                      //
  62   2                              P3=0xfd;
  63   2                      temp=P3;
  64   2                      temp=temp&0xf0;
  65   2                      while(temp!=0xf0)  //第一次判断是否有键按下
  66   2                      {
  67   3                      delay(10);
  68   3                      temp=P3;
  69   3                      temp=temp&0xf0;
  70   3                      while(temp!=0xf0)  //第二次判断是否有键按下（防抖）
  71   3                      {
  72   4                      temp=P3;
  73   4                      switch(temp)
  74   4                      {
  75   5                              case 0xed:num=5;
  76   5                              break;
  77   5                              case 0xdd:num=6;
  78   5                              break;
  79   5                              case 0xbd:num=7;
  80   5                              break;
  81   5                              case 0x7d:num=8;
  82   5                              break;
  83   5                      }  
  84   4                      while(temp==0xf0)
  85   4                      delay(5);
  86   4                      while(temp==0xf0)
  87   4                      {
  88   5                      dula=1;
  89   5                  P0=table[num-1];
  90   5                  dula=0;
  91   5                      }
  92   4                      }
  93   3                      }
  94   2      
  95   2                      //
  96   2                              P3=0xfb;
  97   2                      temp=P3;
  98   2                      temp=temp&0xf0;
  99   2                      while(temp!=0xf0)  //第一次判断是否有键按下
 100   2                      {
 101   3                      delay(10);
 102   3                      temp=P3;
 103   3                      temp=temp&0xf0;
 104   3                      while(temp!=0xf0)  //第二次判断是否有键按下（防抖）
 105   3                      {
 106   4                      temp=P3;
 107   4                      switch(temp)
 108   4                      {
 109   5                              case 0xeb:num=9;
 110   5                              break;
 111   5                              case 0xdb:num=10;
 112   5                              break;
 113   5                              case 0xbb:num=11;
 114   5                              break;
 115   5                              case 0x7b:num=12;
 116   5                              break;
 117   5                      }  
C51 COMPILER V9.00   LESSON5_5                                                             09/07/2014 17:19:03 PAGE 3   

 118   4                      while(temp==0xf0)
 119   4                      delay(5);
 120   4                      while(temp==0xf0)
 121   4                      {
 122   5                      dula=1;
 123   5                  P0=table[num-1];
 124   5                  dula=0;
 125   5                      }
 126   4                      }
 127   3                      }
 128   2      
 129   2                      //
 130   2                              P3=0xf7;
 131   2                      temp=P3;
 132   2                      temp=temp&0xf0;
 133   2                      while(temp!=0xf0)  //第一次判断是否有键按下
 134   2                      {
 135   3                      delay(10);
 136   3                      temp=P3;
 137   3                      temp=temp&0xf0;
 138   3                      while(temp!=0xf0)  //第二次判断是否有键按下（防抖）
 139   3                      {
 140   4                      temp=P3;
 141   4                      switch(temp)
 142   4                      {
 143   5                              case 0xe7:num=13;
 144   5                              break;
 145   5                              case 0xd7:num=14;
 146   5                              break;
 147   5                              case 0xb7:num=15;
 148   5                              break;
 149   5                              case 0x77:num=16;
 150   5                              break;
 151   5                      }  
 152   4                      while(temp==0xf0)
 153   4                      delay(5);
 154   4                      while(temp==0xf0)
 155   4                      {
 156   5                      dula=1;
 157   5                  P0=table[num-1];
 158   5                  dula=0;
 159   5                      }
 160   4                      }
 161   3                      }
 162   2              }       
 163   1      }


MODULE INFORMATION:   STATIC OVERLAYABLE
   CODE SIZE        =    460    ----
   CONSTANT SIZE    =     16    ----
   XDATA SIZE       =   ----    ----
   PDATA SIZE       =   ----    ----
   DATA SIZE        =      2    ----
   IDATA SIZE       =   ----    ----
   BIT SIZE         =   ----    ----
END OF MODULE INFORMATION.


C51 COMPILATION COMPLETE.  0 WARNING(S),  0 ERROR(S)
