C51 COMPILER V9.00   LESSON7_1                                                             09/14/2014 16:49:24 PAGE 1   


C51 COMPILER V9.00, COMPILATION OF MODULE LESSON7_1
OBJECT MODULE PLACED IN lesson7-1.OBJ
COMPILER INVOKED BY: C:\Keil\C51\BIN\C51.EXE lesson7-1.c BROWSE DEBUG OBJECTEXTEND

line level    source

   1          #include<reg52.h>
   2          void main()
   3          {
   4   1              REN=1;
   5   1              SM0=0;
   6   1              SM1=1;
   7   1              TMOD=0x20;//设置定时器1为工作方式1
   8   1              TL1=0xfd;
   9   1              TH1=0xfd;
  10   1              TR1=1;
  11   1              while(1)
  12   1              {
  13   2                      while(!RI);
  14   2                      RI=0;
  15   2                      P1=0xfe;
  16   2              }
  17   1      }


MODULE INFORMATION:   STATIC OVERLAYABLE
   CODE SIZE        =     27    ----
   CONSTANT SIZE    =   ----    ----
   XDATA SIZE       =   ----    ----
   PDATA SIZE       =   ----    ----
   DATA SIZE        =   ----    ----
   IDATA SIZE       =   ----    ----
   BIT SIZE         =   ----    ----
END OF MODULE INFORMATION.


C51 COMPILATION COMPLETE.  0 WARNING(S),  0 ERROR(S)
