C51 COMPILER V9.00   LESSON6_2                                                             09/13/2014 15:43:44 PAGE 1   


C51 COMPILER V9.00, COMPILATION OF MODULE LESSON6_2
OBJECT MODULE PLACED IN lesson6-2.OBJ
COMPILER INVOKED BY: C:\Keil\C51\BIN\C51.EXE lesson6-2.c BROWSE DEBUG OBJECTEXTEND

line level    source

   1          #include<reg52.h>
   2          #define uint unsigned int
   3          #define uchar unsigned char
   4          sbit wr=P3^6;
   5          sbit rd=P3^7;
   6          void init();
   7          void start();
   8          void delay(uint z)
   9          {
  10   1              uint x,y;
  11   1              for(x=z;x>0;x--)
  12   1                      for(y=110;y>0;y--); 
  13   1      }
  14          void main()
  15          {
  16   1              init();
  17   1              while(1)
  18   1              {
  19   2                      start();
  20   2                      delay(10);
  21   2                      rd=0;
  22   2                      rd=1;
  23   2                      
  24   2              }
  25   1      }
  26          void init()
  27          {
  28   1              
  29   1      }
  30          void start()
  31          {
  32   1              wr=1;
  33   1              wr=0;
  34   1              wr=1;
  35   1      }


MODULE INFORMATION:   STATIC OVERLAYABLE
   CODE SIZE        =     57    ----
   CONSTANT SIZE    =   ----    ----
   XDATA SIZE       =   ----    ----
   PDATA SIZE       =   ----    ----
   DATA SIZE        =   ----    ----
   IDATA SIZE       =   ----    ----
   BIT SIZE         =   ----    ----
END OF MODULE INFORMATION.


C51 COMPILATION COMPLETE.  0 WARNING(S),  0 ERROR(S)
