C51 COMPILER V9.00   LESSON3_4                                                             09/03/2014 23:04:04 PAGE 1   


C51 COMPILER V9.00, COMPILATION OF MODULE LESSON3_4
OBJECT MODULE PLACED IN lesson3-4.OBJ
COMPILER INVOKED BY: C:\Keil\C51\BIN\C51.EXE lesson3-4.c BROWSE DEBUG OBJECTEXTEND

line level    source

   1          #include<reg52.h>
   2          #define uint unsigned int
   3          #define uchar unsigned char
   4          sbit wela=P2^7;
   5          sbit dula=P2^6;
   6          sbit d1=P1^0;
   7          uchar num;
   8          uchar code table[]={
   9          0x3f,0x06,0x5b,0x4f,
  10          0x66,0x6d,0x7d,0x07,
  11          0x7f,0x6f,0x77,0x7c,
  12          0x39,0x5e,0x79,0x71};
  13          void delay(uint z);
  14          void main()
  15          {       
  16   1              TMOD=0x01;//设置定时器0为工作方式1
  17   1              TH0=(65536-50000)/256;
  18   1              TL0=(65536-50000)%256;
  19   1              EA=1;//开总中断
  20   1              ET0=1;//开定时器0中断
  21   1              TRO=1;//启动定时器0
*** ERROR C202 IN LINE 21 OF LESSON3-4.C: 'TRO': undefined identifier
  22   1              d1=1;
  23   1              wela=1;
  24   1              P0=0xea;//11110101
  25   1              wela=0;
  26   1              int tt;
*** ERROR C141 IN LINE 26 OF LESSON3-4.C: syntax error near 'int'
*** ERROR C202 IN LINE 26 OF LESSON3-4.C: 'tt': undefined identifier
  27   1              while(1)
  28   1              {
  29   2                      if(tt=20)
*** ERROR C202 IN LINE 29 OF LESSON3-4.C: 'tt': undefined identifier
  30   2                      {
  31   3                      tt=0;
*** ERROR C202 IN LINE 31 OF LESSON3-4.C: 'tt': undefined identifier
  32   3                      num++;
  33   3                      dula=1;
  34   3                      P0=table[num];
  35   3                      dula=0;
  36   3                      delay(1000);
  37   3                      }
  38   2              
  39   2              }
  40   1      
  41   1      }
  42          void delay(uint z)
  43          {
  44   1              uint x,y;
  45   1              for(x=z;x>0;x--)
  46   1                      for(y=110;y>0;y--);
  47   1      }
  48          void exter0() interrupt 1
  49          {
  50   1              d1=0;
C51 COMPILER V9.00   LESSON3_4                                                             09/03/2014 23:04:04 PAGE 2   

  51   1      } 

C51 COMPILATION COMPLETE.  0 WARNING(S),  5 ERROR(S)
