C51 COMPILER V9.00   LESSON8_2                                                             10/03/2014 10:16:16 PAGE 1   


C51 COMPILER V9.00, COMPILATION OF MODULE LESSON8_2
OBJECT MODULE PLACED IN lesson8-2.OBJ
COMPILER INVOKED BY: C:\Keil\C51\BIN\C51.EXE lesson8-2.c BROWSE DEBUG OBJECTEXTEND

line level    source

   1          #include<reg52.h>
   2          #include <intrins.h>
   3          #define uint unsigned int 
   4          #define uchar unsigned char 
   5          uchar temp;
   6          void delay(uint z);
   7          void main()
   8          {       
   9   1          temp=0xfe;
  10   1              while(1)
  11   1              {       
  12   2                              P1=temp;
  13   2                              delay(100);
  14   2                              temp=_crol_(temp,1);
  15   2                              delay(10000);   
  16   2              }
  17   1      }
  18          
  19          void delay(uint z)
  20          {
  21   1              uint x,y;
  22   1              for(x=z;x>0;x--)
  23   1                      for(y=110;y>0;y--);     
  24   1      }


MODULE INFORMATION:   STATIC OVERLAYABLE
   CODE SIZE        =     65    ----
   CONSTANT SIZE    =   ----    ----
   XDATA SIZE       =   ----    ----
   PDATA SIZE       =   ----    ----
   DATA SIZE        =      1    ----
   IDATA SIZE       =   ----    ----
   BIT SIZE         =   ----    ----
END OF MODULE INFORMATION.


C51 COMPILATION COMPLETE.  0 WARNING(S),  0 ERROR(S)
