C51 COMPILER V9.00   LESSON5_4                                                             09/07/2014 11:26:14 PAGE 1   


C51 COMPILER V9.00, COMPILATION OF MODULE LESSON5_4
OBJECT MODULE PLACED IN lesson5-4.OBJ
COMPILER INVOKED BY: C:\Keil\C51\BIN\C51.EXE lesson5-4.c BROWSE DEBUG OBJECTEXTEND

line level    source

   1          #include<reg52.h>
   2          #define uchar unsigned char
   3          #define uint unsigned int
   4          sbit wela=P2^7;
   5          sbit dula=P2^6;
   6          sbit d1=P1^0;
   7          sbit key1=P3^4;
   8          uchar code table[]={
   9          0x3f,0x06,0x5b,0x4f,
  10          0x66,0x6d,0x7d,0x07,
  11          0x7f,0x6f,0x77,0x7c,
  12          0x39,0x5e,0x79,0x71};
  13          uchar num;
  14          void delay(uint z)
  15          {
  16   1              uint x,y;
  17   1              for(x=z;x>0;x--)
  18   1                      for(y=110;y>0;y--);
  19   1      }
  20          void main()
  21          {
  22   1              wela=1;
  23   1              P0=0xfe;
  24   1              wela=0;
  25   1              P3=0xff;
  26   1              while(1)
  27   1              {
  28   2                      if(key1==0)
  29   2                      {
  30   3                      delay(10);
  31   3                              if(key1==0)
  32   3                              {
  33   4                              num++;
  34   4                              if(num==10)
  35   4                              num=0;
  36   4                              while(!key1==0);
  37   4                              delay(10);
  38   4                              while(!key1==0);
  39   4                              d1=0;
  40   4                              }
  41   3                      }
  42   2                      else
  43   2                              d1=1;
  44   2                              dula=1;
  45   2                              P0=table[num];
  46   2                              dula=0;
  47   2                                      
  48   2              }
  49   1      }


MODULE INFORMATION:   STATIC OVERLAYABLE
   CODE SIZE        =    100    ----
   CONSTANT SIZE    =     16    ----
   XDATA SIZE       =   ----    ----
C51 COMPILER V9.00   LESSON5_4                                                             09/07/2014 11:26:14 PAGE 2   

   PDATA SIZE       =   ----    ----
   DATA SIZE        =      1    ----
   IDATA SIZE       =   ----    ----
   BIT SIZE         =   ----    ----
END OF MODULE INFORMATION.


C51 COMPILATION COMPLETE.  0 WARNING(S),  0 ERROR(S)
