C51 COMPILER V9.00   LESSON5_3                                                             09/07/2014 10:58:51 PAGE 1   


C51 COMPILER V9.00, COMPILATION OF MODULE LESSON5_3
OBJECT MODULE PLACED IN lesson5-3.OBJ
COMPILER INVOKED BY: C:\Keil\C51\BIN\C51.EXE lesson5-3.c BROWSE DEBUG OBJECTEXTEND

line level    source

   1          #include<reg52.h>
   2          #define uchar unsigned char
   3          #define uint unsigned int
   4          sbit d1=P3^4;
   5          sbit key1=P1^0;
   6          sbit wela=P2^7;
   7          sbit dula=P2^6;
   8          uchar code table[]={
   9          0x3f,0x06,0x5b,0x4f,
  10          0x66,0x6d,0x7d,0x07,
  11          0x7f,0x6f,0x77,0x7c,
  12          0x39,0x5e,0x79,0x71};
  13          uchar num;
  14          void delay(uint z)
  15          {
  16   1              uint x,y;
  17   1              for(x=z;x>0;x--)
  18   1                      for(y=110;y>0;y--);
  19   1      }
  20          void main()
  21          {               
  22   1              wela=1;
  23   1              P0=0xfe;
  24   1              wela=0;
  25   1              P3=0xff;
  26   1              while(1)
  27   1              {
  28   2                      if(key1==0)
  29   2                      {
  30   3                              delay(100);
  31   3                              if(key1==0)
  32   3                              {
  33   4                                      d1=0;
  34   4                                      num++;
  35   4              
  36   4                                      if(num==10)
  37   4                                              num=0;
  38   4                          }   
  39   3                              while(!key1);
  40   3                      }
  41   2                      else
  42   2                      {
  43   3                       
  44   3                              delay(100);
  45   3                              if(key1==0)
  46   3                              {
  47   4                                      d1=1;
  48   4                      
  49   4                                      dula=1;
  50   4                                      P0=table[num];
  51   4                                      dula=0;
  52   4                              }
  53   3                      }
  54   2              }
  55   1      }
C51 COMPILER V9.00   LESSON5_3                                                             09/07/2014 10:58:51 PAGE 2   



MODULE INFORMATION:   STATIC OVERLAYABLE
   CODE SIZE        =     96    ----
   CONSTANT SIZE    =     16    ----
   XDATA SIZE       =   ----    ----
   PDATA SIZE       =   ----    ----
   DATA SIZE        =      1    ----
   IDATA SIZE       =   ----    ----
   BIT SIZE         =   ----    ----
END OF MODULE INFORMATION.


C51 COMPILATION COMPLETE.  0 WARNING(S),  0 ERROR(S)
