C51 COMPILER V9.00   LESSON3_1                                                             09/03/2014 11:13:17 PAGE 1   


C51 COMPILER V9.00, COMPILATION OF MODULE LESSON3_1
OBJECT MODULE PLACED IN lesson3-1.OBJ
COMPILER INVOKED BY: C:\Keil\C51\BIN\C51.EXE lesson3-1.c BROWSE DEBUG OBJECTEXTEND

line level    source

   1          #include<reg52.h>
   2          sbit wela=P2^7;
   3          sbit dula=P2^6;
   4          void main()
   5          {
   6   1              wela=1;
   7   1              P0=0xfe;
   8   1              wela=0;
   9   1              dula=1;
  10   1              P0=0x06;
  11   1              wela=0;
  12   1              while(1);
  13   1      }


MODULE INFORMATION:   STATIC OVERLAYABLE
   CODE SIZE        =     16    ----
   CONSTANT SIZE    =   ----    ----
   XDATA SIZE       =   ----    ----
   PDATA SIZE       =   ----    ----
   DATA SIZE        =   ----    ----
   IDATA SIZE       =   ----    ----
   BIT SIZE         =   ----    ----
END OF MODULE INFORMATION.


C51 COMPILATION COMPLETE.  0 WARNING(S),  0 ERROR(S)
