C51 COMPILER V9.00   LESSON2_1                                                             09/02/2014 14:02:51 PAGE 1   


C51 COMPILER V9.00, COMPILATION OF MODULE LESSON2_1
OBJECT MODULE PLACED IN lesson2-1.OBJ
COMPILER INVOKED BY: C:\Keil\C51\BIN\C51.EXE lesson2-1.c BROWSE DEBUG OBJECTEXTEND

line level    source

   1          #include<reg52.h>
   2          sbit D1=P1^0;
   3          unsigned int a;
   4          void main()
   5          {
   6   1              while(1)
   7   1              {
   8   2                      a=50000;
   9   2                      D1=0;
  10   2                      while(a--);
  11   2                      a=50000;
  12   2                      while(a--);
  13   2                      a=50000;
  14   2                      D1=1;
  15   2                      while(a--);
  16   2              }
  17   1      }


MODULE INFORMATION:   STATIC OVERLAYABLE
   CODE SIZE        =     63    ----
   CONSTANT SIZE    =   ----    ----
   XDATA SIZE       =   ----    ----
   PDATA SIZE       =   ----    ----
   DATA SIZE        =      2    ----
   IDATA SIZE       =   ----    ----
   BIT SIZE         =   ----    ----
END OF MODULE INFORMATION.


C51 COMPILATION COMPLETE.  0 WARNING(S),  0 ERROR(S)
