C51 COMPILER V9.00   2                                                                     10/18/2014 21:08:00 PAGE 1   


C51 COMPILER V9.00, COMPILATION OF MODULE 2
OBJECT MODULE PLACED IN 2.OBJ
COMPILER INVOKED BY: C:\Keil\C51\BIN\C51.EXE 2.c BROWSE DEBUG OBJECTEXTEND

line level    source

   1          #include<reg52.h>
   2          #define uchar unsigned char
   3          #define uint unsigned int
   4          sbit lcden=P3^4;
   5          sbit lcdrs=P3^5;
   6          sbit dula=P2^6;
   7          sbit wela=P2^7;
   8          void delay(uint z)
   9          {
  10   1              uint x,y;
  11   1              for(x=z;x>0;x--)
  12   1                      for(y=110;y>0;y--);
  13   1      }
  14          void write_com(uchar com)
  15          {
  16   1              lcdrs=0;
  17   1              P0=com;
  18   1              delay(5);
  19   1              lcden=1;
  20   1              delay(5);
  21   1              lcden=0;
  22   1      }
  23           void write_date(uchar date)
  24          {
  25   1              lcdrs=1;
  26   1              P0=date;
  27   1              delay(5);
  28   1              lcden=1;
  29   1              delay(5);
  30   1              lcden=0;
  31   1      }
  32          void init()
  33          {
  34   1              dula=0;
  35   1              wela=0;
  36   1              lcden=0;
  37   1              write_com(0x01);
  38   1              write_com(0x38);
  39   1              write_com(0x0f);
  40   1      }
  41          void main()
  42          {         void init();
  43   1        write_com(0x38);
  44   1              write_com(0x0f);
  45   1      }


MODULE INFORMATION:   STATIC OVERLAYABLE
   CODE SIZE        =     92    ----
   CONSTANT SIZE    =   ----    ----
   XDATA SIZE       =   ----    ----
   PDATA SIZE       =   ----    ----
   DATA SIZE        =   ----    ----
   IDATA SIZE       =   ----    ----
   BIT SIZE         =   ----    ----
C51 COMPILER V9.00   2                                                                     10/18/2014 21:08:00 PAGE 2   

END OF MODULE INFORMATION.


C51 COMPILATION COMPLETE.  0 WARNING(S),  0 ERROR(S)
