C51 COMPILER V9.00   LESSON2_3                                                             09/02/2014 16:04:48 PAGE 1   


C51 COMPILER V9.00, COMPILATION OF MODULE LESSON2_3
OBJECT MODULE PLACED IN lesson2-3.OBJ
COMPILER INVOKED BY: C:\Keil\C51\BIN\C51.EXE lesson2-3.c BROWSE DEBUG OBJECTEXTEND

line level    source

   1          #include<reg52.h>
   2          #define uint unsigned int
   3          #define uchar unsigned char
   4          sbit D1=P1^0;
   5          /*void delay();*/
   6          void delay(uint z); 
   7          void main()
   8          {
   9   1              while(1)
  10   1              {
  11   2                      D1=0;
  12   2                      delay(600);
  13   2                      D1=1;   
  14   2                      delay(600);
  15   2              }
  16   1      }
  17          /*void delay()
  18          {
  19                  uint x,y;
  20                  for(x=200;x>0;x--)
  21                  {
  22                          for(y=200;y>0;y--)
  23                          {
  24                          
  25                          };
  26                  }
  27          } */
  28            void delay(uint z)
  29          {
  30   1              uint x,y;
  31   1              for(x=200;x>0;x--)
  32   1              {
  33   2                      for(y=z;y>0;y--)
  34   2                      {
  35   3                      
  36   3                      };
  37   2              }
  38   1      }


MODULE INFORMATION:   STATIC OVERLAYABLE
   CODE SIZE        =     54    ----
   CONSTANT SIZE    =   ----    ----
   XDATA SIZE       =   ----    ----
   PDATA SIZE       =   ----    ----
   DATA SIZE        =   ----    ----
   IDATA SIZE       =   ----    ----
   BIT SIZE         =   ----    ----
END OF MODULE INFORMATION.


C51 COMPILATION COMPLETE.  0 WARNING(S),  0 ERROR(S)
