C51 COMPILER V9.00   LESSON4_2                                                             09/06/2014 09:20:12 PAGE 1   


C51 COMPILER V9.00, COMPILATION OF MODULE LESSON4_2
OBJECT MODULE PLACED IN lesson4-2.OBJ
COMPILER INVOKED BY: C:\Keil\C51\BIN\C51.EXE lesson4-2.c BROWSE DEBUG OBJECTEXTEND

line level    source

   1          #include<reg52.h>
   2          #define uint unsigned int
   3          #define uchar unsigned char
   4          sbit wela=P2^7;
   5          sbit dula=P2^6;
   6          uchar temp,numdu,numwe,aa;
   7          uchar code table[]={
   8          0x3f,0x06,0x5b,0x4f,
   9          0x66,0x6d,0x7d,0x07,
  10          0x7f,0x6f,0x77,0x7c,
  11          0x39,0x5e,0x79,0x71};
  12          uchar code tablewe[]={
  13          0xfe,0xfd,0xfb,0xf7,0xef,0xdf};
  14          void delay(uint z);
  15          void main()
  16          {
  17   1              numdu=0;
  18   1              numwe=0;
  19   1              aa=0;
  20   1              TMOD=0x01;//设置定时器/计数器
  21   1              TH0=(65536-50000)/256;
  22   1              TL0=(65536-50000)%256;//给定时器初值
  23   1              EA=1;//开总定时器/计数器中断
  24   1              ET0=1;//开定时器0中断
  25   1              TR0=1;//启动定时器/计数器0
  26   1              while(1)
  27   1              {
  28   2                      
  29   2              }
  30   1      }
  31          void timer0() interrupt 1
  32          {
  33   1              TH0=(65536-50000)/256;
  34   1              TL0=(65536-50000)%256;
  35   1              aa++;
  36   1              if(aa==20)
  37   1              {
  38   2                      aa=0;
  39   2                      numdu++;
  40   2                      if(numdu==7)
  41   2                              numdu=1;
  42   2                      dula=1;
  43   2                      P0=table[numdu];
  44   2                      dula=0;
  45   2                      wela=1;
  46   2                      P0=tablewe[numwe];
  47   2                      wela=0;         
  48   2                      numwe++;
  49   2                      if(numwe==6)
  50   2                              numwe=0;
  51   2              }
  52   1      }


MODULE INFORMATION:   STATIC OVERLAYABLE
C51 COMPILER V9.00   LESSON4_2                                                             09/06/2014 09:20:12 PAGE 2   

   CODE SIZE        =    101    ----
   CONSTANT SIZE    =     22    ----
   XDATA SIZE       =   ----    ----
   PDATA SIZE       =   ----    ----
   DATA SIZE        =      4    ----
   IDATA SIZE       =   ----    ----
   BIT SIZE         =   ----    ----
END OF MODULE INFORMATION.


C51 COMPILATION COMPLETE.  0 WARNING(S),  0 ERROR(S)
