C51 COMPILER V9.00   LESSON8_1                                                             09/21/2014 17:56:44 PAGE 1   


C51 COMPILER V9.00, COMPILATION OF MODULE LESSON8_1
OBJECT MODULE PLACED IN lesson8-1.OBJ
COMPILER INVOKED BY: C:\Keil\C51\BIN\C51.EXE lesson8-1.c BROWSE DEBUG OBJECTEXTEND

line level    source

   1          #include<reg52.h>
   2          #define uint unsigned int
   3          #define uchar unsigned char
   4          sbit lcden=P3^4;
   5          sbit lcdrs=P3^5;
   6          sbit dula=P2^6;
   7          sbit wela=P2^7;
   8          uchar num;
   9          uchar code table[]="leo messi argentina" ;
  10          uchar code table1[]="zhangjinyuan china" ;
  11          void delay(uint z)
  12          {
  13   1              uint x,y;
  14   1              for(x=z;x>0;x--)
  15   1                      for(y=100;y>0;y--);
  16   1      }
  17          void write_com(uchar com)
  18          {
  19   1              lcdrs=0;
  20   1              P0=com;
  21   1              delay(5);
  22   1              lcden=1;
  23   1              delay(5);
  24   1              lcden=0;
  25   1      }
  26           void write_data(uchar dat)
  27          {
  28   1              P0=dat;
  29   1              lcdrs=1;
  30   1              delay(5);
  31   1              lcden=1;
  32   1              delay(5);
  33   1              lcden=0;
  34   1      }
  35          void init()
  36          {
  37   1              lcden=0;
  38   1              wela=0;
  39   1              dula=0;
  40   1              write_com(0x38);
  41   1              write_com(0x0f);
  42   1              write_com(0x06);
  43   1      }
  44          void main()
  45          {
  46   1              init();
  47   1              for(num=0;num>19;num++)
  48   1              {
  49   2                      write_data(table[num]);
  50   2                      delay(20);
  51   2              }
  52   1              write_com(0x01);
  53   1              write_com(0x80+0x40); 
  54   1              for(num=0;num>18;num++)
  55   1              {
C51 COMPILER V9.00   LESSON8_1                                                             09/21/2014 17:56:44 PAGE 2   

  56   2                      write_data(table1[num]);
  57   2                      delay(20);
  58   2              } 
  59   1              while(1);
  60   1      }


MODULE INFORMATION:   STATIC OVERLAYABLE
   CODE SIZE        =    161    ----
   CONSTANT SIZE    =     39    ----
   XDATA SIZE       =   ----    ----
   PDATA SIZE       =   ----    ----
   DATA SIZE        =      1    ----
   IDATA SIZE       =   ----    ----
   BIT SIZE         =   ----    ----
END OF MODULE INFORMATION.


C51 COMPILATION COMPLETE.  0 WARNING(S),  0 ERROR(S)
