C51 COMPILER V9.00   LESSON4_4                                                             09/06/2014 12:22:00 PAGE 1   


C51 COMPILER V9.00, COMPILATION OF MODULE LESSON4_4
OBJECT MODULE PLACED IN lesson4-4.OBJ
COMPILER INVOKED BY: C:\Keil\C51\BIN\C51.EXE lesson4-4.c BROWSE DEBUG OBJECTEXTEND

line level    source

   1          #include<reg52.h>
   2          #define uint unsigned int
   3          #define uchar unsigned char
   4          uchar aa,ge,shi,bai,temp;
   5          uchar code table[]={
   6          0x3f,0x06,0x5b,0x4f,
   7          0x66,0x6d,0x7d,0x07,
   8          0x7f,0x6f,0x77,0x7c,
   9          0x39,0x5e,0x79,0x71};
  10          sbit wela=P2^7;
  11          sbit dula=P2^6;
  12          void init();
  13          void delay(uint z);
  14          void display(uchar bai,uchar shi,uchar ge);
  15          void main()
  16          {
  17   1              init();
  18   1              while(1)
  19   1              {
  20   2                      if(aa==20)
  21   2                      {
  22   3                              temp++;
  23   3                              if(temp==100)
  24   3                              {
  25   4                                      temp=0;
  26   4                              }
  27   3                              display(bai,shi,ge);
  28   3                      }       
  29   2              }
  30   1      
  31   1              
  32   1      
  33   1      }
  34          void init()
  35          {
  36   1              wela=0;
  37   1              dula=0;
  38   1              temp=0;
  39   1              TMOD=0x01;
  40   1              TH0=(65536-50000)/256;
  41   1              TL0=(65536-50000)%256;
  42   1              EA=1;
  43   1              ET0=1;
  44   1              TR0=1;
  45   1      }
  46          void delay(uint z)
  47          {
  48   1              uint x,y;
  49   1              for(x=z;x>100;x--)
  50   1                      for(y=110;y>100;y--);
  51   1      }
  52          void display(uchar bai,uchar shi,uchar ge)
  53          {       
  54   1              dula=1;
  55   1              P0=table[bai];
C51 COMPILER V9.00   LESSON4_4                                                             09/06/2014 12:22:00 PAGE 2   

  56   1              dula=0;
  57   1              P0=0xff;
  58   1              wela=1;
  59   1              P0=0xfe;
  60   1              wela=0;
  61   1              delay(100);
  62   1      
  63   1              dula=1;
  64   1              P0=table[shi];
  65   1              dula=0;
  66   1              P0=0xff;
  67   1              wela=1;
  68   1              P0=0xfd;
  69   1              wela=0;
  70   1              delay(100);
  71   1      
  72   1              dula=1;
  73   1              P0=table[ge];
  74   1              dula=0;
  75   1              P0=0xff;
  76   1              wela=1;
  77   1              P0=0xfb;
  78   1              wela=0;
  79   1              delay(100);
  80   1      
  81   1      }
  82          void timer0() interrupt 1
  83          {
  84   1              TH0=(65536-50000)/256;
  85   1              TL0=(65536-50000)%256;
  86   1              aa++;
  87   1      }
  88          


MODULE INFORMATION:   STATIC OVERLAYABLE
   CODE SIZE        =    167    ----
   CONSTANT SIZE    =     16    ----
   XDATA SIZE       =   ----    ----
   PDATA SIZE       =   ----    ----
   DATA SIZE        =      5    ----
   IDATA SIZE       =   ----    ----
   BIT SIZE         =   ----    ----
END OF MODULE INFORMATION.


C51 COMPILATION COMPLETE.  0 WARNING(S),  0 ERROR(S)
