C51 COMPILER V9.00   LESSON6_1                                                             09/13/2014 14:11:31 PAGE 1   


C51 COMPILER V9.00, COMPILATION OF MODULE LESSON6_1
OBJECT MODULE PLACED IN lesson6-1.OBJ
COMPILER INVOKED BY: C:\Keil\C51\BIN\C51.EXE lesson6-1.c BROWSE DEBUG OBJECTEXTEND

line level    source

   1          #include <reg52.h>
   2          sbit csda=P3^2;
   3          sbit wr=P3^6;
   4          void main()
   5          {
   6   1              csda=0;
   7   1              wr=0;
   8   1              P0=0xff;
   9   1              while(1);
  10   1      }


MODULE INFORMATION:   STATIC OVERLAYABLE
   CODE SIZE        =      9    ----
   CONSTANT SIZE    =   ----    ----
   XDATA SIZE       =   ----    ----
   PDATA SIZE       =   ----    ----
   DATA SIZE        =   ----    ----
   IDATA SIZE       =   ----    ----
   BIT SIZE         =   ----    ----
END OF MODULE INFORMATION.


C51 COMPILATION COMPLETE.  0 WARNING(S),  0 ERROR(S)
