C51 COMPILER V9.00   LESSON4_1                                                             09/05/2014 20:20:19 PAGE 1   


C51 COMPILER V9.00, COMPILATION OF MODULE LESSON4_1
OBJECT MODULE PLACED IN lesson4-1.OBJ
COMPILER INVOKED BY: C:\Keil\C51\BIN\C51.EXE lesson4-1.c BROWSE DEBUG OBJECTEXTEND

line level    source

   1          #include<reg52.h>
   2          #include<intrins.h>
   3          #define uint unsigned int
   4          #define uchar unsigned char
   5          sbit wela=P2^7;
   6          sbit dula=P2^6;
   7          uchar temp,num,aa;
   8          uchar code table[]={
   9          0x3f,0x06,0x5b,0x4f,
  10          0x66,0x6d,0x7d,0x07,
  11          0x7f,0x6f,0x77,0x7c,
  12          0x39,0x5e,0x79,0x71};
  13          void delay(uint z);
  14          void main()
  15          {
  16   1              num=1;
  17   1              aa=0;
  18   1              TMOD=0x01;//设置定时器/计数器
  19   1              TH0=(65536-50000)/256;
  20   1              TL0=(65536-50000)%256;//给定时器初值
  21   1              EA=1;//开总定时器/计数器中断
  22   1              ET0=1;//开定时器0中断
  23   1              TR0=1;//启动定时器/计数器0
  24   1              temp=0xfe;
  25   1              P1=temp;//流水灯赋初值
  26   1              dula=1;
  27   1              P0=table[0];
  28   1              dula=0;//给数码管赋初值
  29   1              wela=1;
  30   1              P0=0xc0;
  31   1              wela=0;//全部点亮
  32   1              while(1)
  33   1              {
  34   2                      delay(1000);//延时
  35   2                      temp=_crol_(temp,1);
  36   2                      P1=temp; //流水
  37   2              }
  38   1      }
  39          void delay(uint z)
  40          {
  41   1              uint x,y;
  42   1              for(x=z;x>0;x--)
  43   1                      for(y=110;y>0;y--);
  44   1      }
  45          void timer0() interrupt 1
  46          {
  47   1              TH0=(65536-50000)/256;
  48   1              TL0=(65536-50000)%256;
  49   1              aa++;
  50   1              if(aa==40)
  51   1                              {
  52   2                                      aa=0;
  53   2                                      dula=1;
  54   2                                      P0=table[num];
  55   2                                      dula=0;
C51 COMPILER V9.00   LESSON4_1                                                             09/05/2014 20:20:19 PAGE 2   

  56   2                                      num++;
  57   2                                              if(num==16)
  58   2                                              {
  59   3                                                       num=0;
  60   3                                              }
  61   2                              } //数码管
  62   1      }


MODULE INFORMATION:   STATIC OVERLAYABLE
   CODE SIZE        =    153    ----
   CONSTANT SIZE    =     16    ----
   XDATA SIZE       =   ----    ----
   PDATA SIZE       =   ----    ----
   DATA SIZE        =      3    ----
   IDATA SIZE       =   ----    ----
   BIT SIZE         =   ----    ----
END OF MODULE INFORMATION.


C51 COMPILATION COMPLETE.  0 WARNING(S),  0 ERROR(S)
