C51 COMPILER V9.00   LESSON2_2                                                             09/02/2014 14:43:56 PAGE 1   


C51 COMPILER V9.00, COMPILATION OF MODULE LESSON2_2
OBJECT MODULE PLACED IN lesson2-2.OBJ
COMPILER INVOKED BY: C:\Keil\C51\BIN\C51.EXE lesson2-2.c BROWSE DEBUG OBJECTEXTEND

line level    source

   1          #include <reg52.h>
   2          #define uint unsigned int 
   3          #define uchar unsigned char
   4          sbit D1=P1^0;
   5          void delay();
   6          void main()
   7          {
   8   1              while(1)
   9   1              {
  10   2                      D1=0;
  11   2                      delay();
  12   2                      D1=1;
  13   2                      delay();
  14   2              }       
  15   1      }
  16          void delay()
  17          {
  18   1              uint x,y;
  19   1              for(x=100;x>0;x--)
  20   1              {
  21   2                      for(y=2000;y>0;y--)
  22   2                      {
  23   3                              
  24   3                      };      
  25   2              };
  26   1      
  27   1      }


MODULE INFORMATION:   STATIC OVERLAYABLE
   CODE SIZE        =     39    ----
   CONSTANT SIZE    =   ----    ----
   XDATA SIZE       =   ----    ----
   PDATA SIZE       =   ----    ----
   DATA SIZE        =   ----    ----
   IDATA SIZE       =   ----    ----
   BIT SIZE         =   ----    ----
END OF MODULE INFORMATION.


C51 COMPILATION COMPLETE.  0 WARNING(S),  0 ERROR(S)
